// newresource_types.go

// +groupName=apps.newresource.com
package v1alpha1

import (
	metav1 "k8s.io/apimachinery/pkg/apis/meta/v1"
)

// +kubebuilder:object:root=true
// +kubebuilder:subresource:status
// +kubebuilder:storageversion
// +kubebuilder:resource:scope=Namespaced,shortName=newres.  <------------
type NewResource struct {
	metav1.TypeMeta   `json:",inline"`



// main.go

package main

import (
	"flag"

	"k8s.io/apimachinery/pkg/runtime"
	utilruntime "k8s.io/apimachinery/pkg/util/runtime"
	ctrl "sigs.k8s.io/controller-runtime"
	"sigs.k8s.io/controller-runtime/pkg/client/config"
	"sigs.k8s.io/controller-runtime/pkg/log/zap"
	"sigs.k8s.io/controller-runtime/pkg/manager"
	"sigs.k8s.io/controller-runtime/pkg/metrics/server"

	newv1 "example.local/new-controller-my/api/v1alpha1"
	"example.local/new-controller-my/controllers"
)

func main() {

